::1 - - [06/Apr/2024:13:00:03 +0000] "POST /user/login HTTP/1.1" 200 195
::1 - - [06/Apr/2024:13:00:03 +0000] "GET /groups HTTP/1.1" 200 90
::1 - - [06/Apr/2024:13:00:10 +0000] "GET /chat?lastMsgId=-1&gpId=1 HTTP/1.1" 200 572
::1 - - [06/Apr/2024:13:00:10 +0000] "GET /groups/getmembers?gpId=1 HTTP/1.1" 200 189
::1 - - [06/Apr/2024:13:00:14 +0000] "GET /chat?lastMsgId=-1&gpId=2 HTTP/1.1" 200 852
::1 - - [06/Apr/2024:13:00:14 +0000] "GET /groups/getmembers?gpId=2 HTTP/1.1" 200 189
::1 - - [06/Apr/2024:13:00:20 +0000] "POST /chat?gpId=2 HTTP/1.1" 200 16
::1 - - [06/Apr/2024:13:00:21 +0000] "GET /groups HTTP/1.1" 304 -
::1 - - [06/Apr/2024:13:00:22 +0000] "GET /chat?lastMsgId=10&gpId=2 HTTP/1.1" 200 202
::1 - - [06/Apr/2024:13:00:28 +0000] "POST /chat?gpId=2 HTTP/1.1" 200 16
::1 - - [06/Apr/2024:13:00:30 +0000] "GET /chat?lastMsgId=15&gpId=2 HTTP/1.1" 200 204
::1 - - [06/Apr/2024:13:00:30 +0000] "GET /groups HTTP/1.1" 304 -
::1 - - [06/Apr/2024:13:00:44 +0000] "POST /user/login HTTP/1.1" 200 194
::1 - - [06/Apr/2024:13:00:44 +0000] "GET /groups HTTP/1.1" 304 -
::1 - - [06/Apr/2024:13:01:40 +0000] "GET /groups HTTP/1.1" 200 90
::ffff:127.0.0.1 - - [06/Apr/2024:13:02:10 +0000] "GET /groups HTTP/1.1" 304 -
::ffff:127.0.0.1 - - [06/Apr/2024:13:02:49 +0000] "GET /groups HTTP/1.1" 304 -
::ffff:127.0.0.1 - - [06/Apr/2024:13:02:58 +0000] "GET /groups HTTP/1.1" 304 -
::1 - - [06/Apr/2024:13:05:07 +0000] "GET /groups HTTP/1.1" 304 -
::1 - - [06/Apr/2024:13:05:11 +0000] "GET /groups HTTP/1.1" 304 -
::1 - - [06/Apr/2024:13:05:11 +0000] "GET /chat?lastMsgId=-1&gpId=2 HTTP/1.1" 200 1173
::1 - - [06/Apr/2024:13:05:14 +0000] "GET /groups/getmembers?gpId=2 HTTP/1.1" 304 -
::1 - - [06/Apr/2024:13:05:16 +0000] "GET /groups HTTP/1.1" 304 -
::1 - - [06/Apr/2024:13:05:16 +0000] "GET /groups/getMembers?gpId=2 HTTP/1.1" 200 189
::1 - - [06/Apr/2024:13:05:16 +0000] "GET /groups/getNonMembers?gpId=2 HTTP/1.1" 200 33
::1 - - [06/Apr/2024:13:05:19 +0000] "GET /new-group/add-user?gpId=2&userId=5 HTTP/1.1" 200 16
::1 - - [06/Apr/2024:13:05:19 +0000] "GET /groups/getMembers?gpId=2 HTTP/1.1" 200 227
::1 - - [06/Apr/2024:13:05:19 +0000] "GET /groups/getNonMembers?gpId=2 HTTP/1.1" 200 12
::1 - - [06/Apr/2024:13:05:22 +0000] "GET /admin/make-admin?gpId=2&userId=5 HTTP/1.1" 200 16
::1 - - [06/Apr/2024:13:05:22 +0000] "GET /groups/getMembers?gpId=2 HTTP/1.1" 200 226
::1 - - [06/Apr/2024:13:05:22 +0000] "GET /groups/getNonMembers?gpId=2 HTTP/1.1" 304 -
::1 - - [06/Apr/2024:13:05:25 +0000] "GET /admin/make-admin?gpId=2&userId=2 HTTP/1.1" 200 16
::1 - - [06/Apr/2024:13:05:25 +0000] "GET /groups/getMembers?gpId=2 HTTP/1.1" 200 225
::1 - - [06/Apr/2024:13:05:25 +0000] "GET /groups/getNonMembers?gpId=2 HTTP/1.1" 304 -
::1 - - [06/Apr/2024:13:05:27 +0000] "GET /admin/remove-admin?gpId=2&userId=2 HTTP/1.1" 200 16
::1 - - [06/Apr/2024:13:05:27 +0000] "GET /groups/getMembers?gpId=2 HTTP/1.1" 200 226
::1 - - [06/Apr/2024:13:05:27 +0000] "GET /groups/getNonMembers?gpId=2 HTTP/1.1" 304 -
::1 - - [06/Apr/2024:13:05:29 +0000] "GET /groups HTTP/1.1" 304 -
::1 - - [06/Apr/2024:13:05:29 +0000] "GET /chat?lastMsgId=-1&gpId=2 HTTP/1.1" 304 -
::1 - - [06/Apr/2024:13:05:34 +0000] "POST /chat?gpId=2 HTTP/1.1" 200 16
::1 - - [06/Apr/2024:13:05:36 +0000] "GET /groups HTTP/1.1" 304 -
::1 - - [06/Apr/2024:13:05:36 +0000] "GET /chat?lastMsgId=16&gpId=2 HTTP/1.1" 200 200
::1 - - [06/Apr/2024:13:05:42 +0000] "POST /chat?gpId=2 HTTP/1.1" 200 16
::1 - - [06/Apr/2024:13:05:42 +0000] "POST /chat?gpId=2 HTTP/1.1" 200 16
::1 - - [06/Apr/2024:13:05:43 +0000] "POST /chat?gpId=2 HTTP/1.1" 200 16
::1 - - [06/Apr/2024:13:05:43 +0000] "POST /chat?gpId=2 HTTP/1.1" 200 16
::1 - - [06/Apr/2024:13:05:44 +0000] "POST /chat?gpId=2 HTTP/1.1" 200 16
::1 - - [06/Apr/2024:13:05:46 +0000] "GET /groups HTTP/1.1" 304 -
::1 - - [06/Apr/2024:13:05:46 +0000] "GET /chat?lastMsgId=17&gpId=2 HTTP/1.1" 200 852
::1 - - [06/Apr/2024:13:05:59 +0000] "GET /chat?lastMsgId=-1&gpId=2 HTTP/1.1" 200 2143
::1 - - [06/Apr/2024:13:05:59 +0000] "GET /groups/getmembers?gpId=2 HTTP/1.1" 200 226
::1 - - [06/Apr/2024:13:06:03 +0000] "GET /chat?lastMsgId=-1&gpId=3 HTTP/1.1" 200 1023
::1 - - [06/Apr/2024:13:06:03 +0000] "GET /groups/getmembers?gpId=3 HTTP/1.1" 200 189
